<?xml version="1.0" encoding="UTF-8"?>
<!-- Generated by org.testng.reporters.JUnitXMLReporter -->
<testsuite hostname="GH-DTDYFH2" ignored="0" tests="2" failures="1" timestamp="24 Apr 2019 10:52:53 GMT" time="0.009" errors="0">
  <testcase name="verifySumOfTwoNumber" time="0.001" classname="Test_Dashboard">
    <failure type="java.lang.AssertionError" message="expected [9] but found [10]">
      <![CDATA[java.lang.AssertionError: expected [9] but found [10]
at Test_Dashboard.verifySumOfTwoNumber(Test_Dashboard.java:21)
... Removed 35 stack frames]]>
    </failure>
  </testcase> <!-- verifySumOfTwoNumber -->
  <testcase name="verifySumOfTwoNumbers" time="0.001" classname="Test_Dashboard"/>
</testsuite>
